<?xml version="1.0" encoding="UTF-8"?>
<!-- Generated by org.testng.reporters.JUnitReportReporter -->
<testsuite hostname="LT-A0341" name="com.areteans.tests.Module3" tests="1" failures="0" timestamp="31 Oct 2019 09:40:35 GMT" time="19.555" errors="0">
  <testcase name="tC01_verifyLoginFunctionality" time="19.555" classname="com.areteans.tests.Module3"/>
</testsuite> <!-- com.areteans.tests.Module3 -->
