<?xml version="1.0" encoding="UTF-8"?>
<!-- Generated by org.testng.reporters.JUnitReportReporter -->
<testsuite hostname="SYNHYDLT-202" name="com.syne.tests.Module3" tests="1" failures="0" timestamp="10 Aug 2019 12:52:00 GMT" time="51.910" errors="0">
  <testcase name="tC01_verifyLoginFunctionality" time="51.910" classname="com.syne.tests.Module3"/>
</testsuite> <!-- com.syne.tests.Module3 -->
